<?xml version="1.0" encoding="UTF-8"?>
<!-- Generated by org.testng.reporters.JUnitReportReporter -->
<testsuite skipped="0" hostname="TUTUCOMP3-HP" name="assessemnt.com.Task2" tests="5" failures="0" timestamp="22 Nov 2018 13:09:38 GMT" time="49.200" errors="0">
  <testcase name="Navigate" time="6.187" classname="assessemnt.com.Task2"/>
  <testcase name="Validate" time="0.001" classname="assessemnt.com.Task2"/>
  <testcase name="Click" time="0.341" classname="assessemnt.com.Task2"/>
  <testcase name="AddUser" time="22.611" classname="assessemnt.com.Task2"/>
  <testcase name="EnsureUserUnique" time="20.060" classname="assessemnt.com.Task2"/>
</testsuite> <!-- assessemnt.com.Task2 -->
